build/outputs/logs/manifest-merger-debug-report.txt
-- Merging decision tree log ---
manifest
ADDED from ANDROID PROJECT/AndroidIM/AndroidManifest.xml:1:1-59:12
	package
		ADDED from ANDROID PROJECT/AndroidIM/AndroidManifest.xml:2:5-33
	android:versionName
		ADDED from ANDROID PROJECT/AndroidIM/AndroidManifest.xml:4:5-30
		INJECTED from ANDROID PROJECT/AndroidIM/AndroidManifest.xml
		INJECTED from ANDROID PROJECT/AndroidIM/AndroidManifest.xml
	android:versionCode
		ADDED from ANDROID PROJECT/AndroidIM/AndroidManifest.xml:3:5-28
		INJECTED from ANDROID PROJECT/AndroidIM/AndroidManifest.xml
		INJECTED from ANDROID PROJECT/AndroidIM/AndroidManifest.xml
	xmlns:android
		ADDED from ANDROID PROJECT/AndroidIM/AndroidManifest.xml:1:11-69
uses-sdk
ADDED from ANDROID PROJECT/AndroidIM/AndroidManifest.xml:6:5-8:41
	android:targetSdkVersion
		ADDED from ANDROID PROJECT/AndroidIM/AndroidManifest.xml:8:9-38
	android:minSdkVersion
		ADDED from ANDROID PROJECT/AndroidIM/AndroidManifest.xml:7:9-34
uses-permission#android.permission.INTERNET
ADDED from ANDROID PROJECT/AndroidIM/AndroidManifest.xml:10:5-67
	android:name
		ADDED from ANDROID PROJECT/AndroidIM/AndroidManifest.xml:10:22-64
uses-permission#android.permission.ACCESS_NETWORK_STATE
ADDED from ANDROID PROJECT/AndroidIM/AndroidManifest.xml:11:2-75
	android:name
		ADDED from ANDROID PROJECT/AndroidIM/AndroidManifest.xml:11:19-73
application
ADDED from ANDROID PROJECT/AndroidIM/AndroidManifest.xml:13:5-56:15
	android:label
		ADDED from ANDROID PROJECT/AndroidIM/AndroidManifest.xml:16:9-41
	android:allowBackup
		ADDED from ANDROID PROJECT/AndroidIM/AndroidManifest.xml:14:9-35
	android:icon
		ADDED from ANDROID PROJECT/AndroidIM/AndroidManifest.xml:15:9-45
	android:theme
		ADDED from ANDROID PROJECT/AndroidIM/AndroidManifest.xml:17:9-40
activity#at.vcity.androidim.FriendList
ADDED from ANDROID PROJECT/AndroidIM/AndroidManifest.xml:18:5-25:14
	android:name
		ADDED from ANDROID PROJECT/AndroidIM/AndroidManifest.xml:18:15-41
intent-filter#android.intent.action.MAIN+android.intent.category.NORMAL
ADDED from ANDROID PROJECT/AndroidIM/AndroidManifest.xml:19:4-24:20
action#android.intent.action.MAIN
ADDED from ANDROID PROJECT/AndroidIM/AndroidManifest.xml:20:5-64
	android:name
		ADDED from ANDROID PROJECT/AndroidIM/AndroidManifest.xml:20:13-54
category#android.intent.category.NORMAL
ADDED from ANDROID PROJECT/AndroidIM/AndroidManifest.xml:21:5-23:16
	android:name
		ADDED from ANDROID PROJECT/AndroidIM/AndroidManifest.xml:22:6-51
service#at.vcity.androidim.services.IMService
ADDED from ANDROID PROJECT/AndroidIM/AndroidManifest.xml:26:3-57
	android:name
		ADDED from ANDROID PROJECT/AndroidIM/AndroidManifest.xml:26:12-46
activity#at.vcity.androidim.Login
ADDED from ANDROID PROJECT/AndroidIM/AndroidManifest.xml:27:3-33:14
	android:name
		ADDED from ANDROID PROJECT/AndroidIM/AndroidManifest.xml:27:13-34
intent-filter#android.intent.action.MAIN+android.intent.category.LAUNCHER
ADDED from ANDROID PROJECT/AndroidIM/AndroidManifest.xml:28:4-32:20
category#android.intent.category.LAUNCHER
ADDED from ANDROID PROJECT/AndroidIM/AndroidManifest.xml:30:5-31:16
	android:name
		ADDED from ANDROID PROJECT/AndroidIM/AndroidManifest.xml:30:15-62
activity#at.vcity.androidim.Messaging
ADDED from ANDROID PROJECT/AndroidIM/AndroidManifest.xml:34:3-41:14
	android:name
		ADDED from ANDROID PROJECT/AndroidIM/AndroidManifest.xml:34:13-38
activity#at.vcity.androidim.SignUp
ADDED from ANDROID PROJECT/AndroidIM/AndroidManifest.xml:44:2-47:12
	android:name
		ADDED from ANDROID PROJECT/AndroidIM/AndroidManifest.xml:44:12-34
activity#at.vcity.androidim.AddFriend
ADDED from ANDROID PROJECT/AndroidIM/AndroidManifest.xml:48:1-51:12
	android:name
		ADDED from ANDROID PROJECT/AndroidIM/AndroidManifest.xml:48:11-36
activity#at.vcity.androidim.UnApprovedFriendList
ADDED from ANDROID PROJECT/AndroidIM/AndroidManifest.xml:52:1-55:12
	android:name
		ADDED from ANDROID PROJECT/AndroidIM/AndroidManifest.xml:52:11-47